*** Starting uWSGI 2.0.19.1 (64bit) on [Mon Oct 19 17:53:28 2020] ***
compiled with version: 7.5.0 on 15 October 2020 21:26:19
os: Linux-4.15.0-115-generic #116-Ubuntu SMP Wed Aug 26 14:04:49 UTC 2020
nodename: ubuntu-s-1vcpu-1gb-nyc1-01
machine: x86_64
clock source: unix
detected number of CPU cores: 1
current working directory: /
detected binary path: /var/www/html/items-rest/venv/bin/uwsgi
!!! no internal routing support, rebuild with pcre support !!!
setgid() to 1000
setuid() to 1000
your processes number limit is 3840
your memory page size is 4096 bytes
detected max file descriptor number: 1024
lock engine: pthread robust mutexes
thunder lock: disabled (you can enable it with --thunder-lock)
*** starting uWSGI Emperor ***
Python version: 3.6.9 (default, Oct  8 2020, 12:12:24)  [GCC 8.4.0]
*** has_emperor mode detected (fd: 6) ***
[uWSGI] getting INI configuration from /var/www/html/items-rest/uwsgi.ini
*** Python threads support is disabled. You can enable it with --enable-threads ***
Python main interpreter initialized at 0x55ccc51080b0
your mercy for graceful operations on workers is 60 seconds
*** Operational MODE: no-workers ***
spawned uWSGI master process (pid: 19667)
Mon Oct 19 17:53:29 2020 - [emperor] vassal /var/www/html/items-rest/uwsgi.ini has been spawned
Mon Oct 19 17:53:29 2020 - [emperor] vassal /var/www/html/items-rest/uwsgi.ini is ready to accept requests
Mon Oct 19 18:51:37 2020 - [emperor] vassal /var/www/html/items-rest/uwsgi.ini is now loyal
Mon Oct 19 19:02:13 2020 - [emperor] vassal /var/www/html/items-rest/uwsgi.ini is now loyal
Mon Oct 19 19:02:14 2020 - [emperor] vassal /var/www/html/items-rest/uwsgi.ini is now loyal
Tue Oct 20 13:43:57 2020 - [emperor] vassal /var/www/html/items-rest/uwsgi.ini is now loyal
Wed Oct 21 01:07:24 2020 - [emperor] vassal /var/www/html/items-rest/uwsgi.ini is now loyal
Wed Oct 21 22:25:57 2020 - [emperor] vassal /var/www/html/items-rest/uwsgi.ini is now loyal
Thu Oct 22 04:47:25 2020 - [emperor] vassal /var/www/html/items-rest/uwsgi.ini is now loyal
Fri Oct 23 01:02:39 2020 - [emperor] vassal /var/www/html/items-rest/uwsgi.ini is now loyal
[emperor] *** RAGNAROK EVOKED ***
[emperor] *** RAGNAROK EVOKED ***
Wed Nov 11 17:27:51 2020 - [emperor] stop the uwsgi instance /var/www/html/items-rest/uwsgi.ini
waiting for Emperor death...
waiting for Emperor death...
waiting for Emperor death...
Wed Nov 11 17:27:54 2020 - [emperor] removed uwsgi instance /var/www/html/items-rest/uwsgi.ini
waiting for Emperor death...
waiting for Emperor death...
Wed Nov 11 17:27:55 2020 - The Emperor is buried.
The Emperor has been buried (pid: 19668)
...brutally killing workers...
binary reloading uWSGI...
chdir() to /
closing all non-uwsgi socket fds > 2 (max_fd = 1024)...
running /var/www/html/items-rest/venv/bin/uwsgi
*** Starting uWSGI 2.0.19.1 (64bit) on [Wed Nov 11 17:27:56 2020] ***
compiled with version: 7.5.0 on 15 October 2020 21:26:19
os: Linux-4.15.0-115-generic #116-Ubuntu SMP Wed Aug 26 14:04:49 UTC 2020
nodename: ubuntu-s-1vcpu-1gb-nyc1-01
machine: x86_64
clock source: unix
detected number of CPU cores: 1
current working directory: /
detected binary path: /var/www/html/items-rest/venv/bin/uwsgi
!!! no internal routing support, rebuild with pcre support !!!
your processes number limit is 3840
your memory page size is 4096 bytes
detected max file descriptor number: 1024
lock engine: pthread robust mutexes
thunder lock: disabled (you can enable it with --thunder-lock)
*** starting uWSGI Emperor ***
Python version: 3.6.9 (default, Oct  8 2020, 12:12:24)  [GCC 8.4.0]
*** has_emperor mode detected (fd: 6) ***
[uWSGI] getting INI configuration from /var/www/html/items-rest/uwsgi.ini
*** Python threads support is disabled. You can enable it with --enable-threads ***
Python main interpreter initialized at 0x5595618c4c00
your mercy for graceful operations on workers is 60 seconds
*** Operational MODE: no-workers ***
gracefully (RE)spawned uWSGI master process (pid: 19667)
sendmsg(): Transport endpoint is already connected [core/notify.c line 39]
Wed Nov 11 17:27:57 2020 - [emperor] vassal /var/www/html/items-rest/uwsgi.ini has been spawned
Wed Nov 11 17:27:57 2020 - [emperor] vassal /var/www/html/items-rest/uwsgi.ini is ready to accept requests
